<?xml version="1.0" encoding="UTF-8"?>
<robot generator="Robot 6.0.2 (Python 3.11.1 on win32)" generated="20230809 18:48:28.786" rpa="false" schemaversion="3">
<suite id="s1" name="Serve-Rest-Front" source="c:\Users\RG Sistemas\Vania\Curso\Udemy RF_BROWSERLIBRARY\tests\serve-rest-front.robot">
<test id="s1-t1" name="Conferencia na listagem Serve Rest Front" line="12">
<kw name="Abrir o navegador" library="serve-rest-front">
<kw name="New Browser" library="Browser">
<arg>browser=${BROWSER}</arg>
<arg>headless=${HEADLESS}</arg>
<tag>BrowserControl</tag>
<tag>Setter</tag>
<doc>Create a new playwright Browser with specified options.</doc>
<msg timestamp="20230809 18:48:30.571" level="INFO">{"browser": "chromium", "headless": false, "devtools": false, "handleSIGHUP": true, "handleSIGINT": true, "handleSIGTERM": true, "slowMo": 0.0, "timeout": 30000.0, "deprecated_pos_args": [], "tracesDir": "C:\\Users\\RG Sistemas\\Vania\\Curso\\Udemy RF_BROWSERLIBRARY\\browser\\traces\\d4b1b42a-ecc5-4efc-81ce-bd0d27847c5e"}</msg>
<msg timestamp="20230809 18:48:33.270" level="INFO">Successfully created browser with options: {"browser":"chromium","headless":false,"devtools":false,"handleSIGHUP":true,"handleSIGINT":true,"handleSIGTERM":true,"slowMo":0,"timeout":30000,"deprecated_pos_args":[],"tracesDir":"C:\\Users\\RG Sistemas\\Vania\\Curso\\Udemy RF_BROWSERLIBRARY\\browser\\traces\\d4b1b42a-ecc5-4efc-81ce-bd0d27847c5e"}</msg>
<status status="PASS" starttime="20230809 18:48:30.570" endtime="20230809 18:48:33.270"/>
</kw>
<kw name="New Context" library="Browser">
<arg>viewport={'width': 1200, 'height': 800}</arg>
<tag>BrowserControl</tag>
<tag>Setter</tag>
<doc>Create a new BrowserContext with specified options.</doc>
<msg timestamp="20230809 18:48:33.273" level="INFO">{
  "acceptDownloads": true,
  "bypassCSP": false,
  "forcedColors": "none",
  "hideRfBrowser": false,
  "ignoreHTTPSErrors": false,
  "javaScriptEnabled": true,
  "offline": false,
  "reducedMotion": "no-preference",
  "viewport": {
    "height": 800,
    "width": 1200
  },
  "deprecated_pos_args": []
}</msg>
<msg timestamp="20230809 18:48:33.307" level="INFO">Successfully created context. </msg>
<msg timestamp="20230809 18:48:33.307" level="INFO">{'acceptDownloads': True, 'bypassCSP': False, 'forcedColors': 'none', 'hideRfBrowser': False, 'ignoreHTTPSErrors': False, 'javaScriptEnabled': True, 'offline': False, 'reducedMotion': 'no-preference', 'viewport': {'height': 800, 'width': 1200}, 'deprecated_pos_args': []}</msg>
<status status="PASS" starttime="20230809 18:48:33.271" endtime="20230809 18:48:33.308"/>
</kw>
<status status="PASS" starttime="20230809 18:48:30.570" endtime="20230809 18:48:33.308"/>
</kw>
<kw name="Ir para o site Serve Rest Front" library="serve-rest-front">
<kw name="New Page" library="Browser">
<arg>url=${SITE_SERVE_REST}</arg>
<tag>BrowserControl</tag>
<tag>Setter</tag>
<doc>Open a new Page.</doc>
<msg timestamp="20230809 18:48:35.532" level="INFO">Successfully initialized new page object and opened url: https://front.serverest.dev/</msg>
<status status="PASS" starttime="20230809 18:48:33.310" endtime="20230809 18:48:35.533"/>
</kw>
<kw name="Get Title" library="Browser">
<var>${title}</var>
<arg>==</arg>
<arg>Front - ServeRest</arg>
<tag>Assertion</tag>
<tag>Getter</tag>
<tag>PageContent</tag>
<doc>Returns the title of the current page.</doc>
<msg timestamp="20230809 18:48:35.714" level="INFO">${title} = Front - ServeRest</msg>
<status status="PASS" starttime="20230809 18:48:35.533" endtime="20230809 18:48:35.715"/>
</kw>
<kw name="Log" library="BuiltIn">
<arg>${title}</arg>
<doc>Logs the given message with the given level.</doc>
<msg timestamp="20230809 18:48:35.716" level="INFO">Front - ServeRest</msg>
<status status="PASS" starttime="20230809 18:48:35.715" endtime="20230809 18:48:35.717"/>
</kw>
<status status="PASS" starttime="20230809 18:48:33.310" endtime="20230809 18:48:35.717"/>
</kw>
<kw name="Preencher os dados do novo usuario e cadastrar" library="serve-rest-front">
<kw name="Click" library="Browser">
<arg>css=.btn-link</arg>
<tag>PageContent</tag>
<tag>Setter</tag>
<doc>Simulates mouse click on the element found by ``selector``.</doc>
<status status="PASS" starttime="20230809 18:48:35.720" endtime="20230809 18:48:36.082"/>
</kw>
<kw name="Email" library="FakerLibrary">
<var>${EMAIL}</var>
<msg timestamp="20230809 18:48:36.085" level="INFO">${EMAIL} = dobrien@example.com</msg>
<status status="PASS" starttime="20230809 18:48:36.082" endtime="20230809 18:48:36.086"/>
</kw>
<kw name="Fill Text" library="Browser">
<arg>css=input[data-testid='nome']</arg>
<arg>vania</arg>
<tag>PageContent</tag>
<tag>Setter</tag>
<doc>Clears and fills the given ``txt`` into the text field found by ``selector``.</doc>
<msg timestamp="20230809 18:48:36.087" level="INFO">Fills the text 'vania' in the given field.</msg>
<status status="PASS" starttime="20230809 18:48:36.086" endtime="20230809 18:48:36.131"/>
</kw>
<kw name="Fill Text" library="Browser">
<arg>css=input[data-testid='email']</arg>
<arg>${EMAIL}</arg>
<tag>PageContent</tag>
<tag>Setter</tag>
<doc>Clears and fills the given ``txt`` into the text field found by ``selector``.</doc>
<msg timestamp="20230809 18:48:36.133" level="INFO">Fills the text 'dobrien@example.com' in the given field.</msg>
<status status="PASS" starttime="20230809 18:48:36.133" endtime="20230809 18:48:36.163"/>
</kw>
<kw name="Fill Text" library="Browser">
<arg>css=input[data-testid='password']</arg>
<arg>123456</arg>
<tag>PageContent</tag>
<tag>Setter</tag>
<doc>Clears and fills the given ``txt`` into the text field found by ``selector``.</doc>
<msg timestamp="20230809 18:48:36.164" level="INFO">Fills the text '123456' in the given field.</msg>
<status status="PASS" starttime="20230809 18:48:36.164" endtime="20230809 18:48:36.189"/>
</kw>
<kw name="Check Checkbox" library="Browser">
<arg>css=input[data-testid='checkbox']</arg>
<tag>PageContent</tag>
<tag>Setter</tag>
<doc>Checks the checkbox or selects radio button found by ``selector``.</doc>
<status status="PASS" starttime="20230809 18:48:36.189" endtime="20230809 18:48:36.264"/>
</kw>
<kw name="Click" library="Browser">
<arg>css=button[data-testid='cadastrar']</arg>
<tag>PageContent</tag>
<tag>Setter</tag>
<doc>Simulates mouse click on the element found by ``selector``.</doc>
<status status="PASS" starttime="20230809 18:48:36.264" endtime="20230809 18:48:36.332"/>
</kw>
<status status="PASS" starttime="20230809 18:48:35.718" endtime="20230809 18:48:36.332"/>
</kw>
<kw name="Conferir usuario na listagem" library="serve-rest-front">
<kw name="Click" library="Browser">
<arg>data-testid="listarUsuarios"</arg>
<tag>PageContent</tag>
<tag>Setter</tag>
<doc>Simulates mouse click on the element found by ``selector``.</doc>
<msg timestamp="20230809 18:48:46.611" level="INFO" html="true">&lt;/td&gt;&lt;/tr&gt;&lt;tr&gt;&lt;td colspan="3"&gt;&lt;a href="browser/screenshot/fail-screenshot-1.png"&gt;&lt;img src="browser/screenshot/fail-screenshot-1.png" width="800px"&gt;&lt;/a&gt;</msg>
<msg timestamp="20230809 18:48:46.612" level="FAIL">TimeoutError: locator.click: Timeout 10000ms exceeded.
=========================== logs ===========================
waiting for locator('data-testid="listarUsuarios"')
============================================================
Tip: Use "Set Browser Timeout" for increasing the timeout or double check your locator as the targeted element(s) couldn't be found.</msg>
<status status="FAIL" starttime="20230809 18:48:36.333" endtime="20230809 18:48:46.624"/>
</kw>
<kw name="Get Table Cell Element" library="Browser">
<var>${elemento}</var>
<arg>id=table1</arg>
<arg>Nome</arg>
<arg>vania</arg>
<tag>Getter</tag>
<tag>PageContent</tag>
<doc>Returns the Web Element that has the same column index and same row index as the selected elements.</doc>
<status status="NOT RUN" starttime="20230809 18:48:46.626" endtime="20230809 18:48:46.626"/>
</kw>
<kw name="Get Text" library="Browser">
<var>${nome}</var>
<arg>${elemento}</arg>
<arg>==</arg>
<arg>vania</arg>
<tag>Assertion</tag>
<tag>Getter</tag>
<tag>PageContent</tag>
<doc>Returns text attribute of the element found by ``selector``.</doc>
<status status="NOT RUN" starttime="20230809 18:48:46.627" endtime="20230809 18:48:46.627"/>
</kw>
<status status="FAIL" starttime="20230809 18:48:36.332" endtime="20230809 18:48:46.627"/>
</kw>
<status status="FAIL" starttime="20230809 18:48:30.566" endtime="20230809 18:48:46.629">TimeoutError: locator.click: Timeout 10000ms exceeded.
=========================== logs ===========================
waiting for locator('data-testid="listarUsuarios"')
============================================================
Tip: Use "Set Browser Timeout" for increasing the timeout or double check your locator as the targeted element(s) couldn't be found.</status>
</test>
<status status="FAIL" starttime="20230809 18:48:28.793" endtime="20230809 18:48:46.764"/>
</suite>
<statistics>
<total>
<stat pass="0" fail="1" skip="0">All Tests</stat>
</total>
<tag>
</tag>
<suite>
<stat pass="0" fail="1" skip="0" id="s1" name="Serve-Rest-Front">Serve-Rest-Front</stat>
</suite>
</statistics>
<errors>
</errors>
</robot>
